SF:lib/src/http_client_handler.dart
DA:20,1
DA:23,0
DA:30,1
DA:36,1
DA:37,1
DA:41,3
DA:42,3
DA:46,1
DA:47,1
DA:52,0
DA:59,0
DA:60,0
DA:65,0
DA:66,0
DA:67,0
DA:72,0
DA:79,0
DA:80,0
DA:84,0
DA:85,0
DA:86,0
DA:91,0
DA:98,0
DA:99,0
DA:103,0
DA:104,0
DA:105,0
DA:110,1
DA:111,1
DA:113,1
DA:114,1
DA:115,3
DA:116,1
DA:117,0
DA:118,1
DA:119,0
DA:120,1
DA:121,1
DA:122,0
DA:123,0
DA:125,0
DA:127,0
DA:132,1
DA:137,1
DA:138,1
DA:139,1
DA:140,1
LF:47
LH:22
end_of_record
SF:lib/src/http_exception.dart
DA:2,1
DA:10,0
DA:12,0
DA:16,0
DA:20,0
DA:24,0
DA:28,2
DA:32,0
LF:8
LH:2
end_of_record
